2021-02-21 17:46:22,674 - elsapy.elsclient - INFO - Module loaded.
2021-02-21 17:46:22,675 - elsapy.elsentity - INFO - Module loaded.
2021-02-21 17:46:22,676 - elsapy.utils - INFO - Module loaded.
2021-02-21 17:46:22,676 - elsapy.elsprofile - INFO - Module loaded.
2021-02-21 17:46:37,733 - elsapy.elsclient - INFO - Module loaded.
2021-02-21 17:46:37,734 - elsapy.elsentity - INFO - Module loaded.
2021-02-21 17:46:37,735 - elsapy.utils - INFO - Module loaded.
2021-02-21 17:46:37,735 - elsapy.elsprofile - INFO - Module loaded.
2021-02-21 17:48:33,962 - elsapy.elsclient - INFO - Module loaded.
2021-02-21 17:48:33,963 - elsapy.elsentity - INFO - Module loaded.
2021-02-21 17:48:33,963 - elsapy.utils - INFO - Module loaded.
2021-02-21 17:48:33,964 - elsapy.elsprofile - INFO - Module loaded.
2021-02-21 17:48:33,964 - elsapy.elsdoc - INFO - Module loaded.
2021-02-21 17:48:33,964 - elsapy.elssearch - INFO - Module loaded.
2021-02-21 17:50:33,737 - elsapy.elsclient - INFO - Module loaded.
2021-02-21 17:50:34,077 - elsapy.elsentity - INFO - Module loaded.
2021-02-21 17:50:34,077 - elsapy.utils - INFO - Module loaded.
2021-02-21 17:50:34,078 - elsapy.elsprofile - INFO - Module loaded.
2021-02-21 17:50:34,078 - elsapy.elsdoc - INFO - Module loaded.
2021-02-21 17:50:34,079 - elsapy.elssearch - INFO - Module loaded.
2021-02-21 18:01:45,154 - elsapy.elsclient - INFO - Module loaded.
2021-02-21 18:01:45,503 - elsapy.elsentity - INFO - Module loaded.
2021-02-21 18:01:45,503 - elsapy.utils - INFO - Module loaded.
2021-02-21 18:01:45,504 - elsapy.elsprofile - INFO - Module loaded.
2021-02-21 18:01:45,504 - elsapy.elsdoc - INFO - Module loaded.
2021-02-21 18:01:45,505 - elsapy.elssearch - INFO - Module loaded.
2021-02-21 18:02:07,779 - elsapy.elsclient - INFO - Module loaded.
2021-02-21 18:02:07,779 - elsapy.elsentity - INFO - Module loaded.
2021-02-21 18:02:07,780 - elsapy.utils - INFO - Module loaded.
2021-02-21 18:02:07,780 - elsapy.elsprofile - INFO - Module loaded.
2021-02-21 18:02:07,780 - elsapy.elsdoc - INFO - Module loaded.
2021-02-21 18:02:07,781 - elsapy.elssearch - INFO - Module loaded.
2021-02-21 18:04:11,522 - elsapy.elsclient - INFO - Module loaded.
2021-02-21 18:04:11,523 - elsapy.elsentity - INFO - Module loaded.
2021-02-21 18:04:11,524 - elsapy.utils - INFO - Module loaded.
2021-02-21 18:04:11,524 - elsapy.elsprofile - INFO - Module loaded.
2021-02-21 18:04:11,524 - elsapy.elsdoc - INFO - Module loaded.
2021-02-21 18:04:11,525 - elsapy.elssearch - INFO - Module loaded.
2021-02-21 18:04:44,067 - elsapy.elsclient - INFO - Module loaded.
2021-02-21 18:06:56,268 - elsapy.elsclient - INFO - Module loaded.
